[debug] [2017-10-26T13:26:57.091Z] ----------------------------------------------------------------------
[debug] [2017-10-26T13:26:57.094Z] Command:       C:\Program Files\nodejs\node.exe C:\Users\g.marques\AppData\Roaming\npm\node_modules\firebase-tools\bin\firebase login
[debug] [2017-10-26T13:26:57.094Z] CLI Version:   3.13.1
[debug] [2017-10-26T13:26:57.094Z] Platform:      win32
[debug] [2017-10-26T13:26:57.094Z] Node Version:  v6.3.1
[debug] [2017-10-26T13:26:57.096Z] Time:          Thu Oct 26 2017 11:26:57 GMT-0200 (Horário brasileiro de verão)
[debug] [2017-10-26T13:26:57.096Z] ----------------------------------------------------------------------
[debug] 
[info] 
[info] Visit this URL on any device to log in:
[info] https://accounts.google.com/o/oauth2/auth?client_id=563584335869-fgrhgmd47bqnekij5i8b5pr03ho849e6.apps.googleusercontent.com&scope=email%20openid%20https%3A%2F%2Fwww.googleapis.com%2Fauth%2Fcloudplatformprojects.readonly%20https%3A%2F%2Fwww.googleapis.com%2Fauth%2Ffirebase%20https%3A%2F%2Fwww.googleapis.com%2Fauth%2Fcloud-platform&response_type=code&state=905594049&redirect_uri=http%3A%2F%2Flocalhost%3A9005
[info] 
[info] Waiting for authentication...
[debug] [2017-10-26T13:27:07.130Z] >>> HTTP REQUEST POST https://accounts.google.com/o/oauth2/token { code: '4/SNPFLyBmd3w8kRSdstm6KHWn0XCc5aMkOqYdj4btwoc',
  client_id: '563584335869-fgrhgmd47bqnekij5i8b5pr03ho849e6.apps.googleusercontent.com',
  client_secret: 'j9iVZfS8kkCEFUPaAeJV0sAi',
  redirect_uri: 'http://localhost:9005',
  grant_type: 'authorization_code' } 
 Thu Oct 26 2017 11:27:07 GMT-0200 (Horário brasileiro de verão)
[debug] [2017-10-26T13:27:28.218Z] Token Fetch Error: Error
    at Error.FirebaseError (C:\Users\g.marques\AppData\Roaming\npm\node_modules\firebase-tools\lib\error.js:11:17)
    at Request._callback (C:\Users\g.marques\AppData\Roaming\npm\node_modules\firebase-tools\lib\api.js:32:23)
    at self.callback (C:\Users\g.marques\AppData\Roaming\npm\node_modules\firebase-tools\node_modules\request\request.js:186:22)
    at emitOne (events.js:96:13)
    at Request.emit (events.js:188:7)
    at Request.onRequestError (C:\Users\g.marques\AppData\Roaming\npm\node_modules\firebase-tools\node_modules\request\request.js:878:8)
    at emitOne (events.js:96:13)
    at ClientRequest.emit (events.js:188:7)
    at TLSSocket.socketErrorListener (_http_client.js:308:9)
    at emitOne (events.js:96:13)
[debug] [2017-10-26T13:27:49.500Z] ----------------------------------------------------------------------
[debug] [2017-10-26T13:27:49.504Z] Command:       C:\Program Files\nodejs\node.exe C:\Users\g.marques\AppData\Roaming\npm\node_modules\firebase-tools\bin\firebase login
[debug] [2017-10-26T13:27:49.505Z] CLI Version:   3.13.1
[debug] [2017-10-26T13:27:49.505Z] Platform:      win32
[debug] [2017-10-26T13:27:49.505Z] Node Version:  v6.3.1
[debug] [2017-10-26T13:27:49.506Z] Time:          Thu Oct 26 2017 11:27:49 GMT-0200 (Horário brasileiro de verão)
[debug] [2017-10-26T13:27:49.506Z] ----------------------------------------------------------------------
[debug] 
[info] 
[info] Visit this URL on any device to log in:
[info] https://accounts.google.com/o/oauth2/auth?client_id=563584335869-fgrhgmd47bqnekij5i8b5pr03ho849e6.apps.googleusercontent.com&scope=email%20openid%20https%3A%2F%2Fwww.googleapis.com%2Fauth%2Fcloudplatformprojects.readonly%20https%3A%2F%2Fwww.googleapis.com%2Fauth%2Ffirebase%20https%3A%2F%2Fwww.googleapis.com%2Fauth%2Fcloud-platform&response_type=code&state=265916856&redirect_uri=http%3A%2F%2Flocalhost%3A9005
[info] 
[info] Waiting for authentication...
[debug] [2017-10-26T13:27:58.570Z] >>> HTTP REQUEST POST https://accounts.google.com/o/oauth2/token { code: '4/aD3nwjqIUYFHOgoO3ghEEivWXPs-Wz_Nw7SaP64vR0g',
  client_id: '563584335869-fgrhgmd47bqnekij5i8b5pr03ho849e6.apps.googleusercontent.com',
  client_secret: 'j9iVZfS8kkCEFUPaAeJV0sAi',
  redirect_uri: 'http://localhost:9005',
  grant_type: 'authorization_code' } 
 Thu Oct 26 2017 11:27:58 GMT-0200 (Horário brasileiro de verão)
[debug] [2017-10-26T13:28:19.658Z] Token Fetch Error: Error
    at Error.FirebaseError (C:\Users\g.marques\AppData\Roaming\npm\node_modules\firebase-tools\lib\error.js:11:17)
    at Request._callback (C:\Users\g.marques\AppData\Roaming\npm\node_modules\firebase-tools\lib\api.js:32:23)
    at self.callback (C:\Users\g.marques\AppData\Roaming\npm\node_modules\firebase-tools\node_modules\request\request.js:186:22)
    at emitOne (events.js:96:13)
    at Request.emit (events.js:188:7)
    at Request.onRequestError (C:\Users\g.marques\AppData\Roaming\npm\node_modules\firebase-tools\node_modules\request\request.js:878:8)
    at emitOne (events.js:96:13)
    at ClientRequest.emit (events.js:188:7)
    at TLSSocket.socketErrorListener (_http_client.js:308:9)
    at emitOne (events.js:96:13)
[debug] [2017-10-26T13:57:56.240Z] ----------------------------------------------------------------------
[debug] [2017-10-26T13:57:56.244Z] Command:       C:\Program Files\nodejs\node.exe C:\Users\g.marques\AppData\Roaming\npm\node_modules\firebase-tools\bin\firebase login
[debug] [2017-10-26T13:57:56.245Z] CLI Version:   3.13.1
[debug] [2017-10-26T13:57:56.245Z] Platform:      win32
[debug] [2017-10-26T13:57:56.245Z] Node Version:  v6.3.1
[debug] [2017-10-26T13:57:56.247Z] Time:          Thu Oct 26 2017 11:57:56 GMT-0200 (Horário brasileiro de verão)
[debug] [2017-10-26T13:57:56.247Z] ----------------------------------------------------------------------
[debug] 
[info] 
[info] Visit this URL on any device to log in:
[info] https://accounts.google.com/o/oauth2/auth?client_id=563584335869-fgrhgmd47bqnekij5i8b5pr03ho849e6.apps.googleusercontent.com&scope=email%20openid%20https%3A%2F%2Fwww.googleapis.com%2Fauth%2Fcloudplatformprojects.readonly%20https%3A%2F%2Fwww.googleapis.com%2Fauth%2Ffirebase%20https%3A%2F%2Fwww.googleapis.com%2Fauth%2Fcloud-platform&response_type=code&state=132667005&redirect_uri=http%3A%2F%2Flocalhost%3A9005
[info] 
[info] Waiting for authentication...
[debug] [2017-10-26T13:58:11.177Z] >>> HTTP REQUEST POST https://accounts.google.com/o/oauth2/token { code: '4/IbTUqGmD0OsnAyO-o6zQlEkeQsH1SExEZMReZ6J0AKM',
  client_id: '563584335869-fgrhgmd47bqnekij5i8b5pr03ho849e6.apps.googleusercontent.com',
  client_secret: 'j9iVZfS8kkCEFUPaAeJV0sAi',
  redirect_uri: 'http://localhost:9005',
  grant_type: 'authorization_code' } 
 Thu Oct 26 2017 11:58:11 GMT-0200 (Horário brasileiro de verão)
[debug] [2017-10-26T13:58:32.208Z] Token Fetch Error: Error
    at Error.FirebaseError (C:\Users\g.marques\AppData\Roaming\npm\node_modules\firebase-tools\lib\error.js:11:17)
    at Request._callback (C:\Users\g.marques\AppData\Roaming\npm\node_modules\firebase-tools\lib\api.js:32:23)
    at self.callback (C:\Users\g.marques\AppData\Roaming\npm\node_modules\firebase-tools\node_modules\request\request.js:186:22)
    at emitOne (events.js:96:13)
    at Request.emit (events.js:188:7)
    at Request.onRequestError (C:\Users\g.marques\AppData\Roaming\npm\node_modules\firebase-tools\node_modules\request\request.js:878:8)
    at emitOne (events.js:96:13)
    at ClientRequest.emit (events.js:188:7)
    at TLSSocket.socketErrorListener (_http_client.js:308:9)
    at emitOne (events.js:96:13)
